# JRE version: Java(TM) SE Runtime Environment (8.0_91-b14) (build 1.8.0_91-b14)
# Java VM: Java HotSpot(TM) 64-Bit Server VM (25.91-b14 mixed mode linux-amd64 compressed oops)
Heap:
 PSYoungGen      total 134656K, used 10226K [0x00000000eab00000, 0x00000000f4f80000, 0x0000000100000000)
  eden space 124416K, 0% used [0x00000000eab00000,0x00000000eab00000,0x00000000f2480000)
  from space 10240K, 99% used [0x00000000f4580000,0x00000000f4f7ca98,0x00000000f4f80000)
  to   space 9216K, 0% used [0x00000000f2480000,0x00000000f2480000,0x00000000f2d80000)
 ParOldGen       total 44544K, used 17759K [0x00000000c0000000, 0x00000000c2b80000, 0x00000000eab00000)
  object space 44544K, 39% used [0x00000000c0000000,0x00000000c1157c50,0x00000000c2b80000)
 Metaspace       used 34699K, capacity 35312K, committed 35496K, reserved 1079296K
  class space    used 4739K, capacity 4910K, committed 4992K, reserved 1048576K
GC Heap History (10 events):
Event: 2.731 GC heap after
Heap after GC invocations=4 (full 0):
 PSYoungGen      total 66048K, used 2528K [0x00000000eab00000, 0x00000000eee00000, 0x0000000100000000)
  eden space 63488K, 0% used [0x00000000eab00000,0x00000000eab00000,0x00000000ee900000)
  from space 2560K, 98% used [0x00000000eeb80000,0x00000000eedf8040,0x00000000eee00000)
  to   space 2560K, 0% used [0x00000000ee900000,0x00000000ee900000,0x00000000eeb80000)
 ParOldGen       total 42496K, used 9987K [0x00000000c0000000, 0x00000000c2980000, 0x00000000eab00000)
  object space 42496K, 23% used [0x00000000c0000000,0x00000000c09c0c18,0x00000000c2980000)
 Metaspace       used 18447K, capacity 18758K, committed 18944K, reserved 1064960K
  class space    used 2442K, capacity 2549K, committed 2560K, reserved 1048576K
}
Event: 3.530 GC heap before
{Heap before GC invocations=5 (full 0):
 PSYoungGen      total 66048K, used 34756K [0x00000000eab00000, 0x00000000eee00000, 0x0000000100000000)
  eden space 63488K, 50% used [0x00000000eab00000,0x00000000eca79180,0x00000000ee900000)
  from space 2560K, 98% used [0x00000000eeb80000,0x00000000eedf8040,0x00000000eee00000)
  to   space 2560K, 0% used [0x00000000ee900000,0x00000000ee900000,0x00000000eeb80000)
 ParOldGen       total 42496K, used 9987K [0x00000000c0000000, 0x00000000c2980000, 0x00000000eab00000)
  object space 42496K, 23% used [0x00000000c0000000,0x00000000c09c0c18,0x00000000c2980000)
 Metaspace       used 20848K, capacity 21240K, committed 21296K, reserved 1067008K
  class space    used 2809K, capacity 2922K, committed 2944K, reserved 1048576K
Event: 3.551 GC heap after
Heap after GC invocations=5 (full 0):
 PSYoungGen      total 66048K, used 2528K [0x00000000eab00000, 0x00000000f3900000, 0x0000000100000000)
  eden space 63488K, 0% used [0x00000000eab00000,0x00000000eab00000,0x00000000ee900000)
  from space 2560K, 98% used [0x00000000ee900000,0x00000000eeb78030,0x00000000eeb80000)
  to   space 9216K, 0% used [0x00000000f3000000,0x00000000f3000000,0x00000000f3900000)
 ParOldGen       total 42496K, used 14115K [0x00000000c0000000, 0x00000000c2980000, 0x00000000eab00000)
  object space 42496K, 33% used [0x00000000c0000000,0x00000000c0dc8c90,0x00000000c2980000)
 Metaspace       used 20848K, capacity 21240K, committed 21296K, reserved 1067008K
  class space    used 2809K, capacity 2922K, committed 2944K, reserved 1048576K
}
Event: 3.551 GC heap before
{Heap before GC invocations=6 (full 1):
 PSYoungGen      total 66048K, used 2528K [0x00000000eab00000, 0x00000000f3900000, 0x0000000100000000)
  eden space 63488K, 0% used [0x00000000eab00000,0x00000000eab00000,0x00000000ee900000)
  from space 2560K, 98% used [0x00000000ee900000,0x00000000eeb78030,0x00000000eeb80000)
  to   space 9216K, 0% used [0x00000000f3000000,0x00000000f3000000,0x00000000f3900000)
 ParOldGen       total 42496K, used 14115K [0x00000000c0000000, 0x00000000c2980000, 0x00000000eab00000)
  object space 42496K, 33% used [0x00000000c0000000,0x00000000c0dc8c90,0x00000000c2980000)
 Metaspace       used 20848K, capacity 21240K, committed 21296K, reserved 1067008K
  class space    used 2809K, capacity 2922K, committed 2944K, reserved 1048576K
Event: 3.626 GC heap after
Heap after GC invocations=6 (full 1):
 PSYoungGen      total 66048K, used 0K [0x00000000eab00000, 0x00000000f3900000, 0x0000000100000000)
  eden space 63488K, 0% used [0x00000000eab00000,0x00000000eab00000,0x00000000ee900000)
  from space 2560K, 0% used [0x00000000ee900000,0x00000000ee900000,0x00000000eeb80000)
  to   space 9216K, 0% used [0x00000000f3000000,0x00000000f3000000,0x00000000f3900000)
 ParOldGen       total 44544K, used 14203K [0x00000000c0000000, 0x00000000c2b80000, 0x00000000eab00000)
  object space 44544K, 31% used [0x00000000c0000000,0x00000000c0ddec10,0x00000000c2b80000)
 Metaspace       used 20848K, capacity 21240K, committed 21296K, reserved 1067008K
  class space    used 2809K, capacity 2922K, committed 2944K, reserved 1048576K
}
Event: 4.847 GC heap before
{Heap before GC invocations=7 (full 1):
 PSYoungGen      total 66048K, used 63488K [0x00000000eab00000, 0x00000000f3900000, 0x0000000100000000)
  eden space 63488K, 100% used [0x00000000eab00000,0x00000000ee900000,0x00000000ee900000)
  from space 2560K, 0% used [0x00000000ee900000,0x00000000ee900000,0x00000000eeb80000)
  to   space 9216K, 0% used [0x00000000f3000000,0x00000000f3000000,0x00000000f3900000)
 ParOldGen       total 44544K, used 14203K [0x00000000c0000000, 0x00000000c2b80000, 0x00000000eab00000)
  object space 44544K, 31% used [0x00000000c0000000,0x00000000c0ddec10,0x00000000c2b80000)
 Metaspace       used 26373K, capacity 26860K, committed 27136K, reserved 1073152K
  class space    used 3610K, capacity 3744K, committed 3840K, reserved 1048576K
Event: 4.888 GC heap after
Heap after GC invocations=7 (full 1):
 PSYoungGen      total 104960K, used 6206K [0x00000000eab00000, 0x00000000f3680000, 0x0000000100000000)
  eden space 98304K, 0% used [0x00000000eab00000,0x00000000eab00000,0x00000000f0b00000)
  from space 6656K, 93% used [0x00000000f3000000,0x00000000f360f9e8,0x00000000f3680000)
  to   space 9216K, 0% used [0x00000000f2480000,0x00000000f2480000,0x00000000f2d80000)
 ParOldGen       total 44544K, used 14211K [0x00000000c0000000, 0x00000000c2b80000, 0x00000000eab00000)
  object space 44544K, 31% used [0x00000000c0000000,0x00000000c0de0c10,0x00000000c2b80000)
 Metaspace       used 26373K, capacity 26860K, committed 27136K, reserved 1073152K
  class space    used 3610K, capacity 3744K, committed 3840K, reserved 1048576K
}
Event: 7.665 GC heap before
{Heap before GC invocations=8 (full 1):
 PSYoungGen      total 104960K, used 104510K [0x00000000eab00000, 0x00000000f3680000, 0x0000000100000000)
  eden space 98304K, 100% used [0x00000000eab00000,0x00000000f0b00000,0x00000000f0b00000)
  from space 6656K, 93% used [0x00000000f3000000,0x00000000f360f9e8,0x00000000f3680000)
  to   space 9216K, 0% used [0x00000000f2480000,0x00000000f2480000,0x00000000f2d80000)
 ParOldGen       total 44544K, used 14211K [0x00000000c0000000, 0x00000000c2b80000, 0x00000000eab00000)
  object space 44544K, 31% used [0x00000000c0000000,0x00000000c0de0c10,0x00000000c2b80000)
 Metaspace       used 29955K, capacity 30410K, committed 30592K, reserved 1075200K
  class space    used 4049K, capacity 4185K, committed 4224K, reserved 1048576K
Event: 7.749 GC heap after
Heap after GC invocations=8 (full 1):
 PSYoungGen      total 133632K, used 7895K [0x00000000eab00000, 0x00000000f4f80000, 0x0000000100000000)
  eden space 124416K, 0% used [0x00000000eab00000,0x00000000eab00000,0x00000000f2480000)
  from space 9216K, 85% used [0x00000000f2480000,0x00000000f2c35ea0,0x00000000f2d80000)
  to   space 10240K, 0% used [0x00000000f4580000,0x00000000f4580000,0x00000000f4f80000)
 ParOldGen       total 44544K, used 14219K [0x00000000c0000000, 0x00000000c2b80000, 0x00000000eab00000)
  object space 44544K, 31% used [0x00000000c0000000,0x00000000c0de2c10,0x00000000c2b80000)
 Metaspace       used 29955K, capacity 30410K, committed 30592K, reserved 1075200K
  class space    used 4049K, capacity 4185K, committed 4224K, reserved 1048576K
}
Event: 120.084 GC heap before
{Heap before GC invocations=9 (full 1):
 PSYoungGen      total 133632K, used 78138K [0x00000000eab00000, 0x00000000f4f80000, 0x0000000100000000)
  eden space 124416K, 56% used [0x00000000eab00000,0x00000000eef98bb8,0x00000000f2480000)
  from space 9216K, 85% used [0x00000000f2480000,0x00000000f2c35ea0,0x00000000f2d80000)
  to   space 10240K, 0% used [0x00000000f4580000,0x00000000f4580000,0x00000000f4f80000)
 ParOldGen       total 44544K, used 14219K [0x00000000c0000000, 0x00000000c2b80000, 0x00000000eab00000)
  object space 44544K, 31% used [0x00000000c0000000,0x00000000c0de2c10,0x00000000c2b80000)
 Metaspace       used 34699K, capacity 35312K, committed 35496K, reserved 1079296K
  class space    used 4739K, capacity 4910K, committed 4992K, reserved 1048576K

