# JRE version: Java(TM) SE Runtime Environment (8.0_91-b14) (build 1.8.0_91-b14)
# Java VM: Java HotSpot(TM) 64-Bit Server VM (25.91-b14 mixed mode linux-amd64 compressed oops)
Heap:
 PSYoungGen      total 222208K, used 11883K [0x00000000eab00000, 0x00000000f9980000, 0x0000000100000000)
  eden space 200192K, 0% used [0x00000000eab00000,0x00000000eab00000,0x00000000f6e80000)
  from space 22016K, 53% used [0x00000000f6e80000,0x00000000f7a1af40,0x00000000f8400000)
  to   space 22016K, 0% used [0x00000000f8400000,0x00000000f8400000,0x00000000f9980000)
 ParOldGen       total 59392K, used 39184K [0x00000000c0000000, 0x00000000c3a00000, 0x00000000eab00000)
  object space 59392K, 65% used [0x00000000c0000000,0x00000000c2644338,0x00000000c3a00000)
 Metaspace       used 53617K, capacity 54979K, committed 55296K, reserved 1097728K
  class space    used 7255K, capacity 7617K, committed 7680K, reserved 1048576K
GC Heap History (10 events):
Event: 8.558 GC heap after
Heap after GC invocations=13 (full 2):
 PSYoungGen      total 129536K, used 12771K [0x00000000eab00000, 0x00000000f6200000, 0x0000000100000000)
  eden space 116736K, 0% used [0x00000000eab00000,0x00000000eab00000,0x00000000f1d00000)
  from space 12800K, 99% used [0x00000000f1d00000,0x00000000f2978e08,0x00000000f2980000)
  to   space 14848K, 0% used [0x00000000f5380000,0x00000000f5380000,0x00000000f6200000)
 ParOldGen       total 59392K, used 21167K [0x00000000c0000000, 0x00000000c3a00000, 0x00000000eab00000)
  object space 59392K, 35% used [0x00000000c0000000,0x00000000c14abe10,0x00000000c3a00000)
 Metaspace       used 42293K, capacity 43075K, committed 43264K, reserved 1087488K
  class space    used 5892K, capacity 6082K, committed 6144K, reserved 1048576K
}
Event: 10.395 GC heap before
{Heap before GC invocations=14 (full 2):
 PSYoungGen      total 129536K, used 129507K [0x00000000eab00000, 0x00000000f6200000, 0x0000000100000000)
  eden space 116736K, 100% used [0x00000000eab00000,0x00000000f1d00000,0x00000000f1d00000)
  from space 12800K, 99% used [0x00000000f1d00000,0x00000000f2978e08,0x00000000f2980000)
  to   space 14848K, 0% used [0x00000000f5380000,0x00000000f5380000,0x00000000f6200000)
 ParOldGen       total 59392K, used 21167K [0x00000000c0000000, 0x00000000c3a00000, 0x00000000eab00000)
  object space 59392K, 35% used [0x00000000c0000000,0x00000000c14abe10,0x00000000c3a00000)
 Metaspace       used 46424K, capacity 47385K, committed 47488K, reserved 1089536K
  class space    used 6416K, capacity 6696K, committed 6784K, reserved 1048576K
Event: 10.449 GC heap after
Heap after GC invocations=14 (full 2):
 PSYoungGen      total 167424K, used 14833K [0x00000000eab00000, 0x00000000f6a80000, 0x0000000100000000)
  eden space 152576K, 0% used [0x00000000eab00000,0x00000000eab00000,0x00000000f4000000)
  from space 14848K, 99% used [0x00000000f5380000,0x00000000f61fc710,0x00000000f6200000)
  to   space 19968K, 0% used [0x00000000f4000000,0x00000000f4000000,0x00000000f5380000)
 ParOldGen       total 59392K, used 28536K [0x00000000c0000000, 0x00000000c3a00000, 0x00000000eab00000)
  object space 59392K, 48% used [0x00000000c0000000,0x00000000c1bde2f0,0x00000000c3a00000)
 Metaspace       used 46424K, capacity 47385K, committed 47488K, reserved 1089536K
  class space    used 6416K, capacity 6696K, committed 6784K, reserved 1048576K
}
Event: 12.672 GC heap before
{Heap before GC invocations=15 (full 2):
 PSYoungGen      total 167424K, used 167409K [0x00000000eab00000, 0x00000000f6a80000, 0x0000000100000000)
  eden space 152576K, 100% used [0x00000000eab00000,0x00000000f4000000,0x00000000f4000000)
  from space 14848K, 99% used [0x00000000f5380000,0x00000000f61fc710,0x00000000f6200000)
  to   space 19968K, 0% used [0x00000000f4000000,0x00000000f4000000,0x00000000f5380000)
 ParOldGen       total 59392K, used 28536K [0x00000000c0000000, 0x00000000c3a00000, 0x00000000eab00000)
  object space 59392K, 48% used [0x00000000c0000000,0x00000000c1bde2f0,0x00000000c3a00000)
 Metaspace       used 47865K, capacity 48939K, committed 49280K, reserved 1091584K
  class space    used 6596K, capacity 6939K, committed 7040K, reserved 1048576K
Event: 12.704 GC heap after
Heap after GC invocations=15 (full 2):
 PSYoungGen      total 172544K, used 17511K [0x00000000eab00000, 0x00000000f9980000, 0x0000000100000000)
  eden space 152576K, 0% used [0x00000000eab00000,0x00000000eab00000,0x00000000f4000000)
  from space 19968K, 87% used [0x00000000f4000000,0x00000000f5119ec8,0x00000000f5380000)
  to   space 22016K, 0% used [0x00000000f8400000,0x00000000f8400000,0x00000000f9980000)
 ParOldGen       total 59392K, used 28544K [0x00000000c0000000, 0x00000000c3a00000, 0x00000000eab00000)
  object space 59392K, 48% used [0x00000000c0000000,0x00000000c1be02f0,0x00000000c3a00000)
 Metaspace       used 47865K, capacity 48939K, committed 49280K, reserved 1091584K
  class space    used 6596K, capacity 6939K, committed 7040K, reserved 1048576K
}
Event: 13.831 GC heap before
{Heap before GC invocations=16 (full 2):
 PSYoungGen      total 172544K, used 67965K [0x00000000eab00000, 0x00000000f9980000, 0x0000000100000000)
  eden space 152576K, 33% used [0x00000000eab00000,0x00000000edc45838,0x00000000f4000000)
  from space 19968K, 87% used [0x00000000f4000000,0x00000000f5119ec8,0x00000000f5380000)
  to   space 22016K, 0% used [0x00000000f8400000,0x00000000f8400000,0x00000000f9980000)
 ParOldGen       total 59392K, used 28544K [0x00000000c0000000, 0x00000000c3a00000, 0x00000000eab00000)
  object space 59392K, 48% used [0x00000000c0000000,0x00000000c1be02f0,0x00000000c3a00000)
 Metaspace       used 52786K, capacity 53871K, committed 54144K, reserved 1095680K
  class space    used 7208K, capacity 7519K, committed 7552K, reserved 1048576K
Event: 13.892 GC heap after
Heap after GC invocations=16 (full 2):
 PSYoungGen      total 222208K, used 12897K [0x00000000eab00000, 0x00000000f9980000, 0x0000000100000000)
  eden space 200192K, 0% used [0x00000000eab00000,0x00000000eab00000,0x00000000f6e80000)
  from space 22016K, 58% used [0x00000000f8400000,0x00000000f90987e8,0x00000000f9980000)
  to   space 22016K, 0% used [0x00000000f6e80000,0x00000000f6e80000,0x00000000f8400000)
 ParOldGen       total 59392K, used 36744K [0x00000000c0000000, 0x00000000c3a00000, 0x00000000eab00000)
  object space 59392K, 61% used [0x00000000c0000000,0x00000000c23e2390,0x00000000c3a00000)
 Metaspace       used 52786K, capacity 53871K, committed 54144K, reserved 1095680K
  class space    used 7208K, capacity 7519K, committed 7552K, reserved 1048576K
}
Event: 13.892 GC heap before
{Heap before GC invocations=17 (full 3):
 PSYoungGen      total 222208K, used 12897K [0x00000000eab00000, 0x00000000f9980000, 0x0000000100000000)
  eden space 200192K, 0% used [0x00000000eab00000,0x00000000eab00000,0x00000000f6e80000)
  from space 22016K, 58% used [0x00000000f8400000,0x00000000f90987e8,0x00000000f9980000)
  to   space 22016K, 0% used [0x00000000f6e80000,0x00000000f6e80000,0x00000000f8400000)
 ParOldGen       total 59392K, used 36744K [0x00000000c0000000, 0x00000000c3a00000, 0x00000000eab00000)
  object space 59392K, 61% used [0x00000000c0000000,0x00000000c23e2390,0x00000000c3a00000)
 Metaspace       used 52786K, capacity 53871K, committed 54144K, reserved 1095680K
  class space    used 7208K, capacity 7519K, committed 7552K, reserved 1048576K
Event: 14.226 GC heap after
Heap after GC invocations=17 (full 3):
 PSYoungGen      total 222208K, used 0K [0x00000000eab00000, 0x00000000f9980000, 0x0000000100000000)
  eden space 200192K, 0% used [0x00000000eab00000,0x00000000eab00000,0x00000000f6e80000)
  from space 22016K, 0% used [0x00000000f8400000,0x00000000f8400000,0x00000000f9980000)
  to   space 22016K, 0% used [0x00000000f6e80000,0x00000000f6e80000,0x00000000f8400000)
 ParOldGen       total 59392K, used 39176K [0x00000000c0000000, 0x00000000c3a00000, 0x00000000eab00000)
  object space 59392K, 65% used [0x00000000c0000000,0x00000000c2642338,0x00000000c3a00000)
 Metaspace       used 52786K, capacity 53871K, committed 54144K, reserved 1095680K
  class space    used 7208K, capacity 7519K, committed 7552K, reserved 1048576K
}
Event: 160.381 GC heap before
{Heap before GC invocations=18 (full 3):
 PSYoungGen      total 222208K, used 200192K [0x00000000eab00000, 0x00000000f9980000, 0x0000000100000000)
  eden space 200192K, 100% used [0x00000000eab00000,0x00000000f6e80000,0x00000000f6e80000)
  from space 22016K, 0% used [0x00000000f8400000,0x00000000f8400000,0x00000000f9980000)
  to   space 22016K, 0% used [0x00000000f6e80000,0x00000000f6e80000,0x00000000f8400000)
 ParOldGen       total 59392K, used 39176K [0x00000000c0000000, 0x00000000c3a00000, 0x00000000eab00000)
  object space 59392K, 65% used [0x00000000c0000000,0x00000000c2642338,0x00000000c3a00000)
 Metaspace       used 53617K, capacity 54979K, committed 55296K, reserved 1097728K
  class space    used 7255K, capacity 7617K, committed 7680K, reserved 1048576K

